<?xml version="1.0" encoding="UTF-8" ?>
<testsuite tests="2" failures="2" name="TestSuite" time="40.5" errors="0" skipped="0">
  <properties>
[...]
</properties>
  <testcase classname="loginPageTest.LoginPageTest" name="goToLoginPage" time="20.336">
    <failure message="Unable to locate element: #login\-email
For documentation on this error, please visit: http://seleniumhq.org/exceptions/no_such_element.html
Build info: version: &apos;3.4.0&apos;, revision: &apos;unknown&apos;, time: &apos;unknown&apos;
System info: host: &apos;BELEE&apos;, ip: &apos;192.168.109.1&apos;, os.name: &apos;Windows 10&apos;, os.arch: &apos;amd64&apos;, os.version: &apos;10.0&apos;, java.version: &apos;1.8.0_121&apos;
Driver info: org.openqa.selenium.firefox.FirefoxDriver
Capabilities [{moz:profile=C:\Users\BELEE\AppData\Local\Temp\rust_mozprofile.a4BLyhduOoOE, rotatable=false, timeouts={implicit=0.0, pageLoad=300000.0, script=30000.0}, pageLoadStrategy=normal, platform=ANY, specificationLevel=0.0, moz:accessibilityChecks=false, acceptInsecureCerts=false, browserVersion=53.0.3, platformVersion=10.0, moz:processID=9636.0, browserName=firefox, javascriptEnabled=true, platformName=windows_nt}]
Session ID: 09d949c0-ba8f-4ba3-bf1e-2e1bc0599ad2
*** Element info: {Using=id, value=login-email}" type="org.openqa.selenium.NoSuchElementException">org.openqa.selenium.NoSuchElementException: Unable to locate element: #login\-email
For documentation on this error, please visit: http://seleniumhq.org/exceptions/no_such_element.html
Build info: version: &apos;3.4.0&apos;, revision: &apos;unknown&apos;, time: &apos;unknown&apos;
System info: host: &apos;BELEE&apos;, ip: &apos;192.168.109.1&apos;, os.name: &apos;Windows 10&apos;, os.arch: &apos;amd64&apos;, os.version: &apos;10.0&apos;, java.version: &apos;1.8.0_121&apos;
Driver info: org.openqa.selenium.firefox.FirefoxDriver
Capabilities [{moz:profile=C:\Users\BELEE\AppData\Local\Temp\rust_mozprofile.a4BLyhduOoOE, rotatable=false, timeouts={implicit=0.0, pageLoad=300000.0, script=30000.0}, pageLoadStrategy=normal, platform=ANY, specificationLevel=0.0, moz:accessibilityChecks=false, acceptInsecureCerts=false, browserVersion=53.0.3, platformVersion=10.0, moz:processID=9636.0, browserName=firefox, javascriptEnabled=true, platformName=windows_nt}]
Session ID: 09d949c0-ba8f-4ba3-bf1e-2e1bc0599ad2
*** Element info: {Using=id, value=login-email}
	at sun.reflect.NativeConstructorAccessorImpl.newInstance0(Native Method)
	at sun.reflect.NativeConstructorAccessorImpl.newInstance(NativeConstructorAccessorImpl.java:62)
	at sun.reflect.DelegatingConstructorAccessorImpl.newInstance(DelegatingConstructorAccessorImpl.java:45)
	at java.lang.reflect.Constructor.newInstance(Constructor.java:423)
	at org.openqa.selenium.remote.http.W3CHttpResponseCodec.createException(W3CHttpResponseCodec.java:150)
	at org.openqa.selenium.remote.http.W3CHttpResponseCodec.decode(W3CHttpResponseCodec.java:115)
	at org.openqa.selenium.remote.http.W3CHttpResponseCodec.decode(W3CHttpResponseCodec.java:45)
	at org.openqa.selenium.remote.HttpCommandExecutor.execute(HttpCommandExecutor.java:164)
	at org.openqa.selenium.remote.service.DriverCommandExecutor.execute(DriverCommandExecutor.java:82)
	at org.openqa.selenium.remote.RemoteWebDriver.execute(RemoteWebDriver.java:637)
	at org.openqa.selenium.remote.RemoteWebDriver.findElement(RemoteWebDriver.java:410)
	at org.openqa.selenium.remote.RemoteWebDriver.findElementById(RemoteWebDriver.java:453)
	at org.openqa.selenium.By$ById.findElement(By.java:218)
	at org.openqa.selenium.remote.RemoteWebDriver.findElement(RemoteWebDriver.java:402)
	at org.openqa.selenium.support.pagefactory.DefaultElementLocator.findElement(DefaultElementLocator.java:69)
	at org.openqa.selenium.support.pagefactory.internal.LocatingElementHandler.invoke(LocatingElementHandler.java:38)
	at com.sun.proxy.$Proxy9.sendKeys(Unknown Source)
	at loginPage.LoginValue.myLikedInLogin(LoginValue.java:20)
	at loginPageTest.LoginPageTest.goToLoginPage(LoginPageTest.java:15)
</failure>
    <system-out>Configuring TestNG with: org.apache.maven.surefire.testng.conf.TestNG652Configurator@e73f9ac
Extent Report directory: C:\Users\BELEE\IdeaProjects\Selenium framwork project\Clone\automation-march2017\LinkedIn\target\surefire-reports\html
</system-out>
    <system-err>May 24, 2017 1:02:45 AM com.relevantcodes.extentreports.ExtentReports loadConfig
WARNING: Unable to perform report configuration. The file C:\Users\BELEE\IdeaProjects\Selenium framwork project\Clone\automation-march2017\LinkedIn\report-config.xml was not found.
1495602165632	geckodriver	INFO	Listening on 127.0.0.1:44243
1495602166365	geckodriver::marionette	INFO	Starting browser \\?\C:\Program Files (x86)\Mozilla Firefox\firefox.exe with args [&quot;-marionette&quot;]
1J495602166892	addons.manager	ERRORavaScript erro	rst:a rrteuspo ufraciel:e/d:/gre/modules/AddonManager.jsm, line 1657: NS_ERROR_NOT_INITIA L[IEZxEcDe:p tAidodno.n.Manager is not initialized
. &quot;Component returned failure code: 0x80070057 (NS_ERROR_ILLEGAL_VALUE) [nsIFile.create]&quot;  nsresult: &quot;0x80070057 (NS_ERROR_ILLEGAL_VALUE)&quot;  location: &quot;JS frame :: resource://gre/modules/FileUtils.jsm :: FileUtils_getDir :: line 70&quot;  data: no] Stack trace: FileUtils_getDir()@resource://gre/modules/FileUtils.jsm:70 &lt; FileUtils_getFile()@resource://gre/modules/FileUtils.jsm:42 &lt; validateBlocklist()@resource://gre/modules/AddonManager.jsm:671 &lt; startup()@resource://gre/modules/AddonManager.jsm:834 &lt; startup()@resource://gre/modules/AddonManager.jsm:3129 &lt; observe()@resource://gre/components/addonManager.js:65
[GFX1]: Potential driver version mismatch ignored due to missing DLLs 0.0.0.0 and 0.0.0.0
1495602168518	Marionette	INFO	Listening on port 62014
JavaScript error: resource://gre/modules/AddonManager.jsm, line 2570: NS_ERROR_NOT_INITIALIZED: AddonManager is not initialized
May 24, 2017 1:02:49 AM org.openqa.selenium.remote.ProtocolHandshake createSession
INFO: Detected dialect: W3C
</system-err>
  </testcase>
  <testcase classname="myNetworkTabTest.MyNetworkTabTest" name="myNetworkPage" time="20.164">
    <failure message="Unable to locate element: #login\-email
For documentation on this error, please visit: http://seleniumhq.org/exceptions/no_such_element.html
Build info: version: &apos;3.4.0&apos;, revision: &apos;unknown&apos;, time: &apos;unknown&apos;
System info: host: &apos;BELEE&apos;, ip: &apos;192.168.109.1&apos;, os.name: &apos;Windows 10&apos;, os.arch: &apos;amd64&apos;, os.version: &apos;10.0&apos;, java.version: &apos;1.8.0_121&apos;
Driver info: org.openqa.selenium.firefox.FirefoxDriver
Capabilities [{moz:profile=C:\Users\BELEE\AppData\Local\Temp\rust_mozprofile.dJv6YNHtjbsq, rotatable=false, timeouts={implicit=0.0, pageLoad=300000.0, script=30000.0}, pageLoadStrategy=normal, platform=ANY, specificationLevel=0.0, moz:accessibilityChecks=false, acceptInsecureCerts=false, browserVersion=53.0.3, platformVersion=10.0, moz:processID=6056.0, browserName=firefox, javascriptEnabled=true, platformName=windows_nt}]
Session ID: 2b228edc-c7e3-4d19-8038-58d2cb204b89
*** Element info: {Using=id, value=login-email}" type="org.openqa.selenium.NoSuchElementException">org.openqa.selenium.NoSuchElementException: Unable to locate element: #login\-email
For documentation on this error, please visit: http://seleniumhq.org/exceptions/no_such_element.html
Build info: version: &apos;3.4.0&apos;, revision: &apos;unknown&apos;, time: &apos;unknown&apos;
System info: host: &apos;BELEE&apos;, ip: &apos;192.168.109.1&apos;, os.name: &apos;Windows 10&apos;, os.arch: &apos;amd64&apos;, os.version: &apos;10.0&apos;, java.version: &apos;1.8.0_121&apos;
Driver info: org.openqa.selenium.firefox.FirefoxDriver
Capabilities [{moz:profile=C:\Users\BELEE\AppData\Local\Temp\rust_mozprofile.dJv6YNHtjbsq, rotatable=false, timeouts={implicit=0.0, pageLoad=300000.0, script=30000.0}, pageLoadStrategy=normal, platform=ANY, specificationLevel=0.0, moz:accessibilityChecks=false, acceptInsecureCerts=false, browserVersion=53.0.3, platformVersion=10.0, moz:processID=6056.0, browserName=firefox, javascriptEnabled=true, platformName=windows_nt}]
Session ID: 2b228edc-c7e3-4d19-8038-58d2cb204b89
*** Element info: {Using=id, value=login-email}
	at sun.reflect.NativeConstructorAccessorImpl.newInstance0(Native Method)
	at sun.reflect.NativeConstructorAccessorImpl.newInstance(NativeConstructorAccessorImpl.java:62)
	at sun.reflect.DelegatingConstructorAccessorImpl.newInstance(DelegatingConstructorAccessorImpl.java:45)
	at java.lang.reflect.Constructor.newInstance(Constructor.java:423)
	at org.openqa.selenium.remote.http.W3CHttpResponseCodec.createException(W3CHttpResponseCodec.java:150)
	at org.openqa.selenium.remote.http.W3CHttpResponseCodec.decode(W3CHttpResponseCodec.java:115)
	at org.openqa.selenium.remote.http.W3CHttpResponseCodec.decode(W3CHttpResponseCodec.java:45)
	at org.openqa.selenium.remote.HttpCommandExecutor.execute(HttpCommandExecutor.java:164)
	at org.openqa.selenium.remote.service.DriverCommandExecutor.execute(DriverCommandExecutor.java:82)
	at org.openqa.selenium.remote.RemoteWebDriver.execute(RemoteWebDriver.java:637)
	at org.openqa.selenium.remote.RemoteWebDriver.findElement(RemoteWebDriver.java:410)
	at org.openqa.selenium.remote.RemoteWebDriver.findElementById(RemoteWebDriver.java:453)
	at org.openqa.selenium.By$ById.findElement(By.java:218)
	at org.openqa.selenium.remote.RemoteWebDriver.findElement(RemoteWebDriver.java:402)
	at org.openqa.selenium.support.pagefactory.DefaultElementLocator.findElement(DefaultElementLocator.java:69)
	at org.openqa.selenium.support.pagefactory.internal.LocatingElementHandler.invoke(LocatingElementHandler.java:38)
	at com.sun.proxy.$Proxy9.sendKeys(Unknown Source)
	at loginPage.LoginValue.myLikedInLogin(LoginValue.java:20)
	at homePage.HomePage.accessMyLoginValue(HomePage.java:26)
	at homePage.HomePage.clickOnMyNetworkTab(HomePage.java:29)
	at myNetworkTab.MyNetworkTab.goToMyNetworkPage(MyNetworkTab.java:16)
	at myNetworkTabTest.MyNetworkTabTest.myNetworkPage(MyNetworkTabTest.java:17)
</failure>
    <system-out>Exception while taking screenshot The filename, directory name, or volume label syntax is incorrect
It has been called
Epic: MyNetworkTabTest AC:1,2 &lt;a https://peoplentch.atlassian.net/browse/GREEN-7&gt; GREEN-7 &lt;/a&gt;
Launch local browser Instance
MyNetworkTab: go To My Network Page
HomePage: access My Login Value
</system-out>
    <system-err>1495602192438	Marionette	INFO	New connections will no longer be accepted
1495602193038	geckodriver	INFO	Listening on 127.0.0.1:3032
1495602193587	geckodriver::marionette	INFO	Starting browser \\?\C:\Program Files (x86)\Mozilla Firefox\firefox.exe with args [&quot;-marionette&quot;]
1495602193990	addons.managJaer	ERROR	vastarScript errtup failed:or: resource://gre/modules/AddonManager.jsm [Exception... &quot;Component returned failure code: 0x80070057 (NS_ERROR_ILLEGAL_VALUE) [nsIFile.create]&quot;  nsresult: &quot;0x80070057 (NS_ERROR_ILLEGAL_VALUE)&quot;  location: &quot;JS frame :: resource://gre/modules/FileUtils.jsm :,: FileUtils_getDir :: line 70&quot;  data: no] Stack trace: FileUtils_getDir()@resource://gre/modules/FileUtils.jsm:70 &lt; FileUtils_getFile()@resource://gre/modules/FileUtils.jsm:42 &lt; validateBlocklist()@resource://gre/modules/AddonManager.jsm:671 &lt; startup()@resource://gre/modules/AddonManager.jsm:834 &lt; startup()@resource://gre/modules/AddonManager.jsm:3129 &lt; observe()@resource://gre/components/addonManager.js:65
 line 1657: NS_ERROR_NOT_INITIALIZED: AddonManager is not initialized
[GFX1]: Potential driver version mismatch ignored due to missing DLLs 0.0.0.0 and 0.0.0.0
1495602195970	Marionette	INFO	Listening on port 62111
JavaScript error: resource://gre/modules/AddonManager.jsm, line 2570: NS_ERROR_NOT_INITIALIZED: AddonManager is not initialized
May 24, 2017 1:03:16 AM org.openqa.selenium.remote.ProtocolHandshake createSession
INFO: Detected dialect: W3C
</system-err>
  </testcase>
</testsuite>