<?xml version="1.0" encoding="UTF-8" ?>
<testsuite tests="1" failures="1" name="home.TestLogin" time="20.141" errors="0" skipped="0">
  <properties>
[...]
</properties>
  <testcase classname="home.TestLogin" name="login" time="20.141">
    <failure message="Unable to locate element: *[name=&apos;email&apos;]
For documentation on this error, please visit: http://seleniumhq.org/exceptions/no_such_element.html
Build info: version: &apos;3.4.0&apos;, revision: &apos;unknown&apos;, time: &apos;unknown&apos;
System info: host: &apos;BELEE&apos;, ip: &apos;192.168.109.1&apos;, os.name: &apos;Windows 10&apos;, os.arch: &apos;amd64&apos;, os.version: &apos;10.0&apos;, java.version: &apos;1.8.0_121&apos;
Driver info: org.openqa.selenium.firefox.FirefoxDriver
Capabilities [{moz:profile=C:\Users\BELEE\AppData\Local\Temp\rust_mozprofile.MsxsB7qYIuIX, rotatable=false, timeouts={implicit=0.0, pageLoad=300000.0, script=30000.0}, pageLoadStrategy=normal, platform=ANY, specificationLevel=0.0, moz:accessibilityChecks=false, acceptInsecureCerts=false, browserVersion=53.0.3, platformVersion=10.0, moz:processID=9028.0, browserName=firefox, javascriptEnabled=true, platformName=windows_nt}]
Session ID: 926bd851-0354-484f-a55d-15f181304ab4
*** Element info: {Using=name, value=email}" type="org.openqa.selenium.NoSuchElementException">org.openqa.selenium.NoSuchElementException: Unable to locate element: *[name=&apos;email&apos;]
For documentation on this error, please visit: http://seleniumhq.org/exceptions/no_such_element.html
Build info: version: &apos;3.4.0&apos;, revision: &apos;unknown&apos;, time: &apos;unknown&apos;
System info: host: &apos;BELEE&apos;, ip: &apos;192.168.109.1&apos;, os.name: &apos;Windows 10&apos;, os.arch: &apos;amd64&apos;, os.version: &apos;10.0&apos;, java.version: &apos;1.8.0_121&apos;
Driver info: org.openqa.selenium.firefox.FirefoxDriver
Capabilities [{moz:profile=C:\Users\BELEE\AppData\Local\Temp\rust_mozprofile.MsxsB7qYIuIX, rotatable=false, timeouts={implicit=0.0, pageLoad=300000.0, script=30000.0}, pageLoadStrategy=normal, platform=ANY, specificationLevel=0.0, moz:accessibilityChecks=false, acceptInsecureCerts=false, browserVersion=53.0.3, platformVersion=10.0, moz:processID=9028.0, browserName=firefox, javascriptEnabled=true, platformName=windows_nt}]
Session ID: 926bd851-0354-484f-a55d-15f181304ab4
*** Element info: {Using=name, value=email}
	at sun.reflect.NativeConstructorAccessorImpl.newInstance0(Native Method)
	at sun.reflect.NativeConstructorAccessorImpl.newInstance(NativeConstructorAccessorImpl.java:62)
	at sun.reflect.DelegatingConstructorAccessorImpl.newInstance(DelegatingConstructorAccessorImpl.java:45)
	at java.lang.reflect.Constructor.newInstance(Constructor.java:423)
	at org.openqa.selenium.remote.http.W3CHttpResponseCodec.createException(W3CHttpResponseCodec.java:150)
	at org.openqa.selenium.remote.http.W3CHttpResponseCodec.decode(W3CHttpResponseCodec.java:115)
	at org.openqa.selenium.remote.http.W3CHttpResponseCodec.decode(W3CHttpResponseCodec.java:45)
	at org.openqa.selenium.remote.HttpCommandExecutor.execute(HttpCommandExecutor.java:164)
	at org.openqa.selenium.remote.service.DriverCommandExecutor.execute(DriverCommandExecutor.java:82)
	at org.openqa.selenium.remote.RemoteWebDriver.execute(RemoteWebDriver.java:637)
	at org.openqa.selenium.remote.RemoteWebDriver.findElement(RemoteWebDriver.java:410)
	at org.openqa.selenium.remote.RemoteWebDriver.findElementByName(RemoteWebDriver.java:485)
	at org.openqa.selenium.By$ByName.findElement(By.java:303)
	at org.openqa.selenium.remote.RemoteWebDriver.findElement(RemoteWebDriver.java:402)
	at home.TestLogin.login(TestLogin.java:13)
</failure>
    <system-out>Configuring TestNG with: org.apache.maven.surefire.testng.conf.TestNG652Configurator@12bb4df8
Extent Report directory: C:\Users\BELEE\IdeaProjects\Selenium framwork project\Clone\automation-march2017\Upscalelearning\target\surefire-reports\html
</system-out>
    <system-err>May 24, 2017 1:04:55 AM com.relevantcodes.extentreports.ExtentReports loadConfig
WARNING: Unable to perform report configuration. The file C:\Users\BELEE\IdeaProjects\Selenium framwork project\Clone\automation-march2017\Upscalelearning\report-config.xml was not found.
1495602295652	geckodriver	INFO	Listening on 127.0.0.1:5977
1495602296349	geckodriver::marionette	INFO	Starting browser \\?\C:\Program Files (x86)\Mozilla Firefox\firefox.exe with args [&quot;-marionette&quot;]
1495602296831	addons.manager	ERROR	startup failed: [Exception... &quot;Component returned failure code: 0x80070057 (NS_ERROR_ILLEGAL_VALUE) [nsIFile.create]&quot;  nsresult: &quot;0x80070057 (NS_ERROR_ILLEGAL_VALUE)&quot;  location: &quot;JS frame :: resource://gre/modules/FileUtils.jsm :: FileUtils_getDir :: line 70&quot;  data: no] Stack trace: FileUtils_getDir()@resource://gre/modules/FileUtils.jsm:70 &lt; FileUtiJls_getFile()@arveasSocurricpe:t/ error: resourc/eg:r/e//gmroed/umloedsu/lFeisl/eAUdtdiolnsM.jsm:42 &lt; vaanlaiger.jsmdateBlocklist()@resour,c el:i/n/eg 1657re:/ mNodules/AddonMaSn_aERROR_NOT_INITIALIgZerED: Ad.donMjanager is not initialized
sm:671 &lt; startup()@resource://gre/modules/AddonManager.jsm:834 &lt; startup()@resource://gre/modules/AddonManager.jsm:3129 &lt; observe()@resource://gre/components/addonManager.js:65
[GFX1]: Potential driver version mismatch ignored due to missing DLLs 0.0.0.0 and 0.0.0.0
1495602298715	Marionette	INFO	Listening on port 62369
JavaScript error: resource://gre/modules/AddonManager.jsm, line 2570: NS_ERROR_NOT_INITIALIZED: AddonManager is not initialized
May 24, 2017 1:04:59 AM org.openqa.selenium.remote.ProtocolHandshake createSession
INFO: Detected dialect: W3C
</system-err>
  </testcase>
</testsuite>